#
# A fatal error has been detected by the Java Runtime Environment:
#
#  EXCEPTION_ACCESS_VIOLATION (0xc0000005) at pc=0x000000005ded460b, pid=6016, tid=2416
#
# JRE version: Java(TM) SE Runtime Environment (7.0_71-b14) (build 1.7.0_71-b14)
# Java VM: Java HotSpot(TM) 64-Bit Server VM (24.71-b01 mixed mode windows-amd64 compressed oops)
# Problematic frame:
# V  [jvm.dll+0x14460b]
#
# Failed to write core dump. Minidumps are not enabled by default on client versions of Windows
#
# If you would like to submit a bug report, please visit:
#   http://bugreport.sun.com/bugreport/crash.jsp
#

---------------  T H R E A D  ---------------

Current thread (0x00000000091b1000):  JavaThread "JDWP Transport Listener: dt_socket" daemon [_thread_in_vm, id=2416, stack(0x0000000009b90000,0x0000000009c90000)]

siginfo: ExceptionCode=0xc0000005, reading address 0xffffffffffffffff

Registers:
RAX=0xfefefefefefefefe, RBX=0x73616c436e69614d, RCX=0x000000000a87abc0, RDX=0x0000000000000000
RSP=0x0000000009c8f640, RBP=0x000000000a87abc0, RSI=0x0000000009c8f758, RDI=0x0000000000158aa0
R8 =0x00000000091b1000, R9 =0x00000417037d0020, R10=0x0000000000000000, R11=0x0000000009c8f8d1
R12=0x0000000000000000, R13=0x00000000079e46e8, R14=0x0000000000000000, R15=0x0000000000000000
RIP=0x000000005ded460b, EFLAGS=0x0000000000010202

Top of Stack: (sp=0x0000000009c8f640)
0x0000000009c8f640:   00000000091b1000 0000000000000002
0x0000000009c8f650:   0000000009c8f708 000000005e075a09
0x0000000009c8f660:   00000000091b1000 000000005e0935b2
0x0000000009c8f670:   0000000000000000 000000006f3f8e8d
0x0000000009c8f680:   00000000094eec28 000000006f402666
0x0000000009c8f690:   00000000091b1000 0000000000000000
0x0000000009c8f6a0:   0000000000000000 0000000000000000
0x0000000009c8f6b0:   000000000a87abc0 000000006f40175d
0x0000000009c8f6c0:   0000000009c8f758 0000000009c8f730
0x0000000009c8f6d0:   0000000000000001 00000000094eec28
0x0000000009c8f6e0:   000000000a87abc0 000000006f3e53b3
0x0000000009c8f6f0:   0000000009c8f820 0000000000000001
0x0000000009c8f700:   0000000000000001 00000000094eec28
0x0000000009c8f710:   000000000000000a 0000000000000000
0x0000000009c8f720:   0000000000000000 0000000000000000
0x0000000009c8f730:   0000000000000001 000000006f3e5571 

Instructions: (pc=0x000000005ded460b)
0x000000005ded45eb:   48 8b 19 48 85 db 74 4c 48 b8 fe fe fe fe fe fe
0x000000005ded45fb:   fe fe 48 3b d8 74 3d 80 3d 8f 09 61 00 00 74 15
0x000000005ded460b:   8b 43 08 8b 0d a4 12 5b 00 48 d3 e0 48 03 05 92
0x000000005ded461b:   12 5b 00 eb 04 48 8b 43 08 48 8b 50 10 48 8d 48 


Register to memory mapping:

RAX=0xfefefefefefefefe is an unknown value
RBX=0x73616c436e69614d is an unknown value
RCX=0x000000000a87abc0 is an unknown value
RDX=0x0000000000000000 is an unknown value
RSP=0x0000000009c8f640 is pointing into the stack for thread: 0x00000000091b1000
RBP=0x000000000a87abc0 is an unknown value
RSI=0x0000000009c8f758 is pointing into the stack for thread: 0x00000000091b1000
RDI=0x0000000000158aa0 is an unknown value
R8 =0x00000000091b1000 is a thread
R9 =0x00000417037d0020 is an unknown value
R10=0x0000000000000000 is an unknown value
R11=0x0000000009c8f8d1 is pointing into the stack for thread: 0x00000000091b1000
R12=0x0000000000000000 is an unknown value
R13=0x00000000079e46e8 is an unknown value
R14=0x0000000000000000 is an unknown value
R15=0x0000000000000000 is an unknown value


Stack: [0x0000000009b90000,0x0000000009c90000],  sp=0x0000000009c8f640,  free space=1021k
Native frames: (J=compiled Java code, j=interpreted, Vv=VM code, C=native code)
V  [jvm.dll+0x14460b]


---------------  P R O C E S S  ---------------

Java Threads: ( => current thread )
  0x000000000a6a9800 JavaThread "Abandoned connection cleanup thread" daemon [_thread_blocked, id=6308, stack(0x000000000bc20000,0x000000000bd20000)]
  0x00000000091e4000 JavaThread "Service Thread" daemon [_thread_blocked, id=4788, stack(0x0000000009dd0000,0x0000000009ed0000)]
  0x00000000091ce000 JavaThread "C2 CompilerThread1" daemon [_thread_blocked, id=2964, stack(0x000000000a040000,0x000000000a140000)]
  0x00000000091d7000 JavaThread "C2 CompilerThread0" daemon [_thread_blocked, id=2056, stack(0x0000000009f10000,0x000000000a010000)]
  0x00000000091bf800 JavaThread "JDWP Command Reader" daemon [_thread_in_native, id=6644, stack(0x0000000009cc0000,0x0000000009dc0000)]
  0x00000000091bc000 JavaThread "JDWP Event Helper Thread" daemon [_thread_blocked, id=7096, stack(0x00000000098a0000,0x00000000099a0000)]
=>0x00000000091b1000 JavaThread "JDWP Transport Listener: dt_socket" daemon [_thread_in_vm, id=2416, stack(0x0000000009b90000,0x0000000009c90000)]
  0x00000000079ea000 JavaThread "Attach Listener" daemon [_thread_blocked, id=4376, stack(0x00000000090b0000,0x00000000091b0000)]
  0x00000000079e2800 JavaThread "Signal Dispatcher" daemon [_thread_blocked, id=3516, stack(0x0000000008b80000,0x0000000008c80000)]
  0x0000000007983800 JavaThread "Finalizer" daemon [_thread_blocked, id=6156, stack(0x0000000008f00000,0x0000000009000000)]
  0x0000000007982000 JavaThread "Reference Handler" daemon [_thread_blocked, id=3884, stack(0x0000000008d00000,0x0000000008e00000)]
  0x00000000021d8000 JavaThread "main" [_thread_blocked, id=2872, stack(0x0000000002310000,0x0000000002410000)]

Other Threads:
  0x000000000797c800 VMThread [stack: 0x0000000008a70000,0x0000000008b70000] [id=5372]
  0x00000000091f2000 WatcherThread [stack: 0x000000000a250000,0x000000000a350000] [id=4080]

VM state:not at safepoint (normal execution)

VM Mutex/Monitor currently owned by a thread: None

Heap
 PSYoungGen      total 53760K, used 16893K [0x00000000f0600000, 0x00000000f7400000, 0x0000000100000000)
  eden space 47616K, 22% used [0x00000000f0600000,0x00000000f1084870,0x00000000f3480000)
  from space 6144K, 99% used [0x00000000f3480000,0x00000000f3a7acb8,0x00000000f3a80000)
  to   space 8704K, 0% used [0x00000000f6b80000,0x00000000f6b80000,0x00000000f7400000)
 ParOldGen       total 31744K, used 8705K [0x00000000d1200000, 0x00000000d3100000, 0x00000000f0600000)
  object space 31744K, 27% used [0x00000000d1200000,0x00000000d1a80528,0x00000000d3100000)
 PSPermGen       total 27648K, used 27551K [0x00000000cc000000, 0x00000000cdb00000, 0x00000000d1200000)
  object space 27648K, 99% used [0x00000000cc000000,0x00000000cdae7d50,0x00000000cdb00000)

Card table byte_map: [0x0000000005410000,0x00000000055c0000] byte_map_base: 0x0000000004db0000

Polling page: 0x0000000000130000

Code Cache  [0x0000000002410000, 0x0000000002680000, 0x0000000005410000)
 total_blobs=612 nmethods=207 adapters=366 free_code_cache=48162Kb largest_free_block=49273536

Compilation events (10 events):
Event: 29.038 Thread 0x00000000091ce000 nmethod 217 0x0000000002506d50 code [0x0000000002506ea0, 0x0000000002507068]
Event: 29.039 Thread 0x00000000091d7000 nmethod 215 0x00000000025074d0 code [0x0000000002507660, 0x0000000002508478]
Event: 29.089 Thread 0x00000000091ce000  218   !         sun.misc.URLClassPath$JarLoader::getResource (353 bytes)
Event: 29.089 Thread 0x00000000091d7000  219             sun.misc.JarIndex::get (49 bytes)
Event: 29.138 Thread 0x00000000091d7000 nmethod 219 0x00000000024b4050 code [0x00000000024b4220, 0x00000000024b4d30]
Event: 29.197 Thread 0x00000000091ce000 nmethod 218 0x000000000250ef90 code [0x000000000250f2a0, 0x0000000002510598]
Event: 341.757 Thread 0x00000000091d7000  220             java.util.HashMap::addEntry (69 bytes)
Event: 341.767 Thread 0x00000000091d7000 nmethod 220 0x0000000002504610 code [0x00000000025047c0, 0x0000000002504c68]
Event: 345.949 Thread 0x00000000091d7000  221             java.util.HashMap$HashIterator::nextEntry (99 bytes)
Event: 345.975 Thread 0x00000000091d7000 nmethod 221 0x00000000024b3c10 code [0x00000000024b3d60, 0x00000000024b3ef8]

GC Heap History (10 events):
Event: 3.972 GC heap before
{Heap before GC invocations=3 (full 0):
 PSYoungGen      total 14336K, used 14318K [0x00000000f0600000, 0x00000000f2200000, 0x0000000100000000)
  eden space 12288K, 99% used [0x00000000f0600000,0x00000000f11fee48,0x00000000f1200000)
  from space 2048K, 99% used [0x00000000f1400000,0x00000000f15fcc68,0x00000000f1600000)
  to   space 2048K, 0% used [0x00000000f1200000,0x00000000f1200000,0x00000000f1400000)
 ParOldGen       total 31744K, used 1174K [0x00000000d1200000, 0x00000000d3100000, 0x00000000f0600000)
  object space 31744K, 3% used [0x00000000d1200000,0x00000000d1325830,0x00000000d3100000)
 PSPermGen       total 21504K, used 11381K [0x00000000cc000000, 0x00000000cd500000, 0x00000000d1200000)
  object space 21504K, 52% used [0x00000000cc000000,0x00000000ccb1d710,0x00000000cd500000)
Event: 3.985 GC heap after
Heap after GC invocations=3 (full 0):
 PSYoungGen      total 14336K, used 2031K [0x00000000f0600000, 0x00000000f2200000, 0x0000000100000000)
  eden space 12288K, 0% used [0x00000000f0600000,0x00000000f0600000,0x00000000f1200000)
  from space 2048K, 99% used [0x00000000f1200000,0x00000000f13fbcd8,0x00000000f1400000)
  to   space 2048K, 0% used [0x00000000f2000000,0x00000000f2000000,0x00000000f2200000)
 ParOldGen       total 31744K, used 1881K [0x00000000d1200000, 0x00000000d3100000, 0x00000000f0600000)
  object space 31744K, 5% used [0x00000000d1200000,0x00000000d13d6458,0x00000000d3100000)
 PSPermGen       total 21504K, used 11381K [0x00000000cc000000, 0x00000000cd500000, 0x00000000d1200000)
  object space 21504K, 52% used [0x00000000cc000000,0x00000000ccb1d710,0x00000000cd500000)
}
Event: 4.000 GC heap before
{Heap before GC invocations=4 (full 0):
 PSYoungGen      total 14336K, used 14282K [0x00000000f0600000, 0x00000000f2200000, 0x0000000100000000)
  eden space 12288K, 99% used [0x00000000f0600000,0x00000000f11f6ea0,0x00000000f1200000)
  from space 2048K, 99% used [0x00000000f1200000,0x00000000f13fbcd8,0x00000000f1400000)
  to   space 2048K, 0% used [0x00000000f2000000,0x00000000f2000000,0x00000000f2200000)
 ParOldGen       total 31744K, used 1881K [0x00000000d1200000, 0x00000000d3100000, 0x00000000f0600000)
  object space 31744K, 5% used [0x00000000d1200000,0x00000000d13d6458,0x00000000d3100000)
 PSPermGen       total 21504K, used 11470K [0x00000000cc000000, 0x00000000cd500000, 0x00000000d1200000)
  object space 21504K, 53% used [0x00000000cc000000,0x00000000ccb33b08,0x00000000cd500000)
Event: 4.011 GC heap after
Heap after GC invocations=4 (full 0):
 PSYoungGen      total 26624K, used 1961K [0x00000000f0600000, 0x00000000f2200000, 0x0000000100000000)
  eden space 24576K, 0% used [0x00000000f0600000,0x00000000f0600000,0x00000000f1e00000)
  from space 2048K, 95% used [0x00000000f2000000,0x00000000f21ea658,0x00000000f2200000)
  to   space 2048K, 0% used [0x00000000f1e00000,0x00000000f1e00000,0x00000000f2000000)
 ParOldGen       total 31744K, used 1881K [0x00000000d1200000, 0x00000000d3100000, 0x00000000f0600000)
  object space 31744K, 5% used [0x00000000d1200000,0x00000000d13d6458,0x00000000d3100000)
 PSPermGen       total 21504K, used 11470K [0x00000000cc000000, 0x00000000cd500000, 0x00000000d1200000)
  object space 21504K, 53% used [0x00000000cc000000,0x00000000ccb33b08,0x00000000cd500000)
}
Event: 5.321 GC heap before
{Heap before GC invocations=5 (full 0):
 PSYoungGen      total 26624K, used 26537K [0x00000000f0600000, 0x00000000f2200000, 0x0000000100000000)
  eden space 24576K, 100% used [0x00000000f0600000,0x00000000f1e00000,0x00000000f1e00000)
  from space 2048K, 95% used [0x00000000f2000000,0x00000000f21ea658,0x00000000f2200000)
  to   space 2048K, 0% used [0x00000000f1e00000,0x00000000f1e00000,0x00000000f2000000)
 ParOldGen       total 31744K, used 1881K [0x00000000d1200000, 0x00000000d3100000, 0x00000000f0600000)
  object space 31744K, 5% used [0x00000000d1200000,0x00000000d13d6458,0x00000000d3100000)
 PSPermGen       total 21504K, used 14955K [0x00000000cc000000, 0x00000000cd500000, 0x00000000d1200000)
  object space 21504K, 69% used [0x00000000cc000000,0x00000000cce9ad08,0x00000000cd500000)
Event: 5.342 GC heap after
Heap after GC invocations=5 (full 0):
 PSYoungGen      total 26624K, used 2022K [0x00000000f0600000, 0x00000000f3f00000, 0x0000000100000000)
  eden space 24576K, 0% used [0x00000000f0600000,0x00000000f0600000,0x00000000f1e00000)
  from space 2048K, 98% used [0x00000000f1e00000,0x00000000f1ff9838,0x00000000f2000000)
  to   space 4608K, 0% used [0x00000000f3a80000,0x00000000f3a80000,0x00000000f3f00000)
 ParOldGen       total 31744K, used 4684K [0x00000000d1200000, 0x00000000d3100000, 0x00000000f0600000)
  object space 31744K, 14% used [0x00000000d1200000,0x00000000d1693368,0x00000000d3100000)
 PSPermGen       total 21504K, used 14955K [0x00000000cc000000, 0x00000000cd500000, 0x00000000d1200000)
  object space 21504K, 69% used [0x00000000cc000000,0x00000000cce9ad08,0x00000000cd500000)
}
Event: 7.686 GC heap before
{Heap before GC invocations=6 (full 0):
 PSYoungGen      total 26624K, used 26598K [0x00000000f0600000, 0x00000000f3f00000, 0x0000000100000000)
  eden space 24576K, 100% used [0x00000000f0600000,0x00000000f1e00000,0x00000000f1e00000)
  from space 2048K, 98% used [0x00000000f1e00000,0x00000000f1ff9838,0x00000000f2000000)
  to   space 4608K, 0% used [0x00000000f3a80000,0x00000000f3a80000,0x00000000f3f00000)
 ParOldGen       total 31744K, used 4684K [0x00000000d1200000, 0x00000000d3100000, 0x00000000f0600000)
  object space 31744K, 14% used [0x00000000d1200000,0x00000000d1693368,0x00000000d3100000)
 PSPermGen       total 21504K, used 19600K [0x00000000cc000000, 0x00000000cd500000, 0x00000000d1200000)
  object space 21504K, 91% used [0x00000000cc000000,0x00000000cd3241b0,0x00000000cd500000)
Event: 7.712 GC heap after
Heap after GC invocations=6 (full 0):
 PSYoungGen      total 52224K, used 4593K [0x00000000f0600000, 0x00000000f4200000, 0x0000000100000000)
  eden space 47616K, 0% used [0x00000000f0600000,0x00000000f0600000,0x00000000f3480000)
  from space 4608K, 99% used [0x00000000f3a80000,0x00000000f3efc4a8,0x00000000f3f00000)
  to   space 6144K, 0% used [0x00000000f3480000,0x00000000f3480000,0x00000000f3a80000)
 ParOldGen       total 31744K, used 5912K [0x00000000d1200000, 0x00000000d3100000, 0x00000000f0600000)
  object space 31744K, 18% used [0x00000000d1200000,0x00000000d17c6270,0x00000000d3100000)
 PSPermGen       total 21504K, used 19600K [0x00000000cc000000, 0x00000000cd500000, 0x00000000d1200000)
  object space 21504K, 91% used [0x00000000cc000000,0x00000000cd3241b0,0x00000000cd500000)
}
Event: 11.097 GC heap before
{Heap before GC invocations=7 (full 0):
 PSYoungGen      total 52224K, used 52209K [0x00000000f0600000, 0x00000000f4200000, 0x0000000100000000)
  eden space 47616K, 100% used [0x00000000f0600000,0x00000000f3480000,0x00000000f3480000)
  from space 4608K, 99% used [0x00000000f3a80000,0x00000000f3efc4a8,0x00000000f3f00000)
  to   space 6144K, 0% used [0x00000000f3480000,0x00000000f3480000,0x00000000f3a80000)
 ParOldGen       total 31744K, used 5912K [0x00000000d1200000, 0x00000000d3100000, 0x00000000f0600000)
  object space 31744K, 18% used [0x00000000d1200000,0x00000000d17c6270,0x00000000d3100000)
 PSPermGen       total 26112K, used 25912K [0x00000000cc000000, 0x00000000cd980000, 0x00000000d1200000)
  object space 26112K, 99% used [0x00000000cc000000,0x00000000cd94e3d8,0x00000000cd980000)
Event: 11.137 GC heap after
Heap after GC invocations=7 (full 0):
 PSYoungGen      total 53760K, used 6123K [0x00000000f0600000, 0x00000000f7400000, 0x0000000100000000)
  eden space 47616K, 0% used [0x00000000f0600000,0x00000000f0600000,0x00000000f3480000)
  from space 6144K, 99% used [0x00000000f3480000,0x00000000f3a7acb8,0x00000000f3a80000)
  to   space 8704K, 0% used [0x00000000f6b80000,0x00000000f6b80000,0x00000000f7400000)
 ParOldGen       total 31744K, used 8705K [0x00000000d1200000, 0x00000000d3100000, 0x00000000f0600000)
  object space 31744K, 27% used [0x00000000d1200000,0x00000000d1a80528,0x00000000d3100000)
 PSPermGen       total 26112K, used 25912K [0x00000000cc000000, 0x00000000cd980000, 0x00000000d1200000)
  object space 26112K, 99% used [0x00000000cc000000,0x00000000cd94e3d8,0x00000000cd980000)
}

Deoptimization events (10 events):
Event: 6.900 Thread 0x00000000021d8000 Uncommon trap: reason=bimorphic action=maybe_recompile pc=0x00000000024d6d50 method=java.util.HashMap.put(Ljava/lang/Object;Ljava/lang/Object;)Ljava/lang/Object; @ 83
Event: 7.438 Thread 0x00000000021d8000 Uncommon trap: reason=class_check action=maybe_recompile pc=0x0000000002476f44 method=java.lang.String.equals(Ljava/lang/Object;)Z @ 8
Event: 7.438 Thread 0x00000000021d8000 Uncommon trap: reason=class_check action=maybe_recompile pc=0x0000000002476f44 method=java.lang.String.equals(Ljava/lang/Object;)Z @ 8
Event: 7.439 Thread 0x00000000021d8000 Uncommon trap: reason=class_check action=maybe_recompile pc=0x0000000002476f44 method=java.lang.String.equals(Ljava/lang/Object;)Z @ 8
Event: 7.440 Thread 0x00000000021d8000 Uncommon trap: reason=class_check action=maybe_recompile pc=0x0000000002476f44 method=java.lang.String.equals(Ljava/lang/Object;)Z @ 8
Event: 9.141 Thread 0x00000000021d8000 Uncommon trap: reason=bimorphic action=maybe_recompile pc=0x00000000024d6d50 method=java.util.HashMap.put(Ljava/lang/Object;Ljava/lang/Object;)Ljava/lang/Object; @ 83
Event: 9.147 Thread 0x00000000021d8000 Uncommon trap: reason=bimorphic action=maybe_recompile pc=0x00000000024d6d50 method=java.util.HashMap.put(Ljava/lang/Object;Ljava/lang/Object;)Ljava/lang/Object; @ 83
Event: 10.370 Thread 0x00000000021d8000 Uncommon trap: reason=unreached action=reinterpret pc=0x000000000249f87c method=java.lang.reflect.Method.equals(Ljava/lang/Object;)Z @ 49
Event: 10.616 Thread 0x00000000021d8000 Uncommon trap: reason=unreached action=reinterpret pc=0x0000000002498f04 method=java.lang.reflect.Method.equals(Ljava/lang/Object;)Z @ 49
Event: 28.945 Thread 0x00000000021d8000 Uncommon trap: reason=unloaded action=reinterpret pc=0x00000000024cf34c method=java.lang.CharacterData.of(I)Ljava/lang/CharacterData; @ 96

Internal exceptions (10 events):
Event: 341.835 Thread 0x00000000021d8000 Threw 0x00000000f1043df0 at C:\re\jdk7u71\1605\hotspot\src\share\vm\prims\jni.cpp:743
Event: 341.836 Thread 0x00000000021d8000 Threw 0x00000000f1044828 at C:\re\jdk7u71\1605\hotspot\src\share\vm\prims\jvm.cpp:1281
Event: 341.839 Thread 0x00000000021d8000 Threw 0x00000000f1047c50 at C:\re\jdk7u71\1605\hotspot\src\share\vm\prims\jvm.cpp:1281
Event: 341.841 Thread 0x00000000021d8000 Threw 0x00000000f1048918 at C:\re\jdk7u71\1605\hotspot\src\share\vm\prims\jvm.cpp:1281
Event: 341.843 Thread 0x00000000021d8000 Threw 0x00000000f104ae78 at C:\re\jdk7u71\1605\hotspot\src\share\vm\prims\jvm.cpp:1281
Event: 341.844 Thread 0x00000000021d8000 Threw 0x00000000f104b370 at C:\re\jdk7u71\1605\hotspot\src\share\vm\prims\jvm.cpp:1281
Event: 341.846 Thread 0x00000000021d8000 Threw 0x00000000f104d8d0 at C:\re\jdk7u71\1605\hotspot\src\share\vm\prims\jvm.cpp:1281
Event: 341.867 Thread 0x00000000021d8000 Threw 0x00000000f1077088 at C:\re\jdk7u71\1605\hotspot\src\share\vm\interpreter\linkResolver.cpp:978
Event: 341.868 Thread 0x00000000021d8000 Threw 0x00000000f10772b8 at C:\re\jdk7u71\1605\hotspot\src\share\vm\runtime\reflection.cpp:1030
Event: 341.868 Thread 0x00000000021d8000 Threw 0x00000000f10773e0 at C:\re\jdk7u71\1605\hotspot\src\share\vm\runtime\reflection.cpp:1030

Events (10 events):
Event: 2160.581 Executing VM operation: ChangeBreakpoints
Event: 2160.581 Executing VM operation: ChangeBreakpoints done
Event: 5737.246 Executing VM operation: RedefineClasses
Event: 5737.263 Executing VM operation: RedefineClasses done
Event: 5826.080 Executing VM operation: RedefineClasses
Event: 5826.091 Executing VM operation: RedefineClasses done
Event: 6253.565 Executing VM operation: RedefineClasses
Event: 6253.574 Executing VM operation: RedefineClasses done
Event: 6323.540 Executing VM operation: RedefineClasses
Event: 6323.551 Executing VM operation: RedefineClasses done


Dynamic libraries:
0x000000013fe90000 - 0x000000013fec3000 	C:\Program Files\Java\jdk1.7.0_71\bin\java.exe
0x0000000077960000 - 0x0000000077b0c000 	C:\windows\SYSTEM32\ntdll.dll
0x00000000775e0000 - 0x00000000776ff000 	C:\windows\system32\kernel32.dll
0x000007fefdf80000 - 0x000007fefdfec000 	C:\windows\system32\KERNELBASE.dll
0x000007fefe940000 - 0x000007fefea1b000 	C:\windows\system32\ADVAPI32.dll
0x000007feff990000 - 0x000007feffa2f000 	C:\windows\system32\msvcrt.dll
0x000007fefe440000 - 0x000007fefe45f000 	C:\windows\SYSTEM32\sechost.dll
0x000007fefe460000 - 0x000007fefe58e000 	C:\windows\system32\RPCRT4.dll
0x0000000077860000 - 0x000000007795a000 	C:\windows\system32\USER32.dll
0x000007fefe590000 - 0x000007fefe5f7000 	C:\windows\system32\GDI32.dll
0x000007fefe8b0000 - 0x000007fefe8be000 	C:\windows\system32\LPK.dll
0x000007fefe1a0000 - 0x000007fefe26a000 	C:\windows\system32\USP10.dll
0x000007fefc750000 - 0x000007fefc944000 	C:\windows\WinSxS\amd64_microsoft.windows.common-controls_6595b64144ccf1df_6.0.7600.16661_none_fa62ad231704eab7\COMCTL32.dll
0x000007fefe8c0000 - 0x000007fefe931000 	C:\windows\system32\SHLWAPI.dll
0x000007feffa50000 - 0x000007feffa7e000 	C:\windows\system32\IMM32.DLL
0x000007feffb60000 - 0x000007feffc69000 	C:\windows\system32\MSCTF.dll
0x000000006c260000 - 0x000000006c332000 	C:\Program Files\Java\jdk1.7.0_71\jre\bin\msvcr100.dll
0x000000005dd90000 - 0x000000005e563000 	C:\Program Files\Java\jdk1.7.0_71\jre\bin\server\jvm.dll
0x000007fef9f10000 - 0x000007fef9f19000 	C:\windows\system32\WSOCK32.dll
0x000007feffa80000 - 0x000007feffacd000 	C:\windows\system32\WS2_32.dll
0x000007feffad0000 - 0x000007feffad8000 	C:\windows\system32\NSI.dll
0x000007fefad10000 - 0x000007fefad4b000 	C:\windows\system32\WINMM.dll
0x0000000077b20000 - 0x0000000077b27000 	C:\windows\system32\PSAPI.DLL
0x0000000072c80000 - 0x0000000072c8f000 	C:\Program Files\Java\jdk1.7.0_71\jre\bin\verify.dll
0x000000006f420000 - 0x000000006f448000 	C:\Program Files\Java\jdk1.7.0_71\jre\bin\java.dll
0x000000006f3e0000 - 0x000000006f415000 	C:\Program Files\Java\jdk1.7.0_71\jre\bin\jdwp.dll
0x0000000072fe0000 - 0x0000000072fe8000 	C:\Program Files\Java\jdk1.7.0_71\jre\bin\npt.dll
0x000000006fd40000 - 0x000000006fd55000 	C:\Program Files\Java\jdk1.7.0_71\jre\bin\zip.dll
0x0000000072b50000 - 0x0000000072b59000 	C:\Program Files\Java\jdk1.7.0_71\jre\bin\dt_socket.dll
0x000007fefd640000 - 0x000007fefd694000 	C:\windows\system32\mswsock.dll
0x000007fefcfc0000 - 0x000007fefcfc7000 	C:\windows\System32\wshtcpip.dll
0x000000006f3c0000 - 0x000000006f3d9000 	C:\Program Files\Java\jdk1.7.0_71\jre\bin\net.dll
0x000007fefd630000 - 0x000007fefd637000 	C:\windows\System32\wship6.dll
0x000000006f3a0000 - 0x000000006f3b1000 	C:\Program Files\Java\jdk1.7.0_71\jre\bin\nio.dll
0x000007fefd4c0000 - 0x000007fefd51b000 	C:\windows\system32\DNSAPI.dll
0x000007fef8db0000 - 0x000007fef8dde000 	C:\Program Files\Common Files\Microsoft Shared\Windows Live\WLIDNSP.DLL
0x000007fefa8a0000 - 0x000007fefa8c7000 	C:\windows\system32\IPHLPAPI.DLL
0x000007fefa890000 - 0x000007fefa89b000 	C:\windows\system32\WINNSI.DLL
0x000007fef8da0000 - 0x000007fef8da8000 	C:\windows\system32\rasadhlp.dll
0x000007fefa720000 - 0x000007fefa773000 	C:\windows\System32\fwpuclnt.dll
0x000007fefd880000 - 0x000007fefd897000 	C:\windows\system32\CRYPTSP.dll
0x000007fefd3a0000 - 0x000007fefd3e7000 	C:\windows\system32\rsaenh.dll
0x000007fefd0d0000 - 0x000007fefd0ee000 	C:\windows\system32\USERENV.dll
0x000007fefddd0000 - 0x000007fefdddf000 	C:\windows\system32\profapi.dll
0x000007fefdd00000 - 0x000007fefdd0f000 	C:\windows\system32\CRYPTBASE.dll
0x000007fefa6a0000 - 0x000007fefa6b8000 	C:\windows\system32\dhcpcsvc.DLL
0x000007fefa680000 - 0x000007fefa691000 	C:\windows\system32\dhcpcsvc6.DLL
0x000007fef11d0000 - 0x000007fef12f5000 	C:\windows\system32\dbghelp.dll

VM Arguments:
jvm_args: -agentlib:jdwp=transport=dt_socket,address=127.0.0.1:51892,suspend=y,server=n -Dfile.encoding=UTF-8 
java_command: MainClass
Launcher Type: SUN_STANDARD

Environment Variables:
PATH=C:\Program Files\Common Files\Microsoft Shared\Windows Live;C:\Program Files (x86)\Common Files\Microsoft Shared\Windows Live;C:\windows\system32;C:\windows;C:\windows\System32\Wbem;C:\windows\System32\WindowsPowerShell\v1.0\;C:\Program Files\Lenovo\Bluetooth Software\;C:\Program Files\Lenovo\Bluetooth Software\syswow64;C:\Python27;C:\Program Files (x86)\Windows Live\Shared;C:\Program Files\MySQL\MySQL Server 5.6\bin
USERNAME=SHEEBAN
OS=Windows_NT
PROCESSOR_IDENTIFIER=Intel64 Family 6 Model 37 Stepping 5, GenuineIntel



---------------  S Y S T E M  ---------------

OS: Windows 7 , 64 bit Build 7600 

CPU:total 4 (2 cores per cpu, 2 threads per core) family 6 model 37 stepping 5, cmov, cx8, fxsr, mmx, sse, sse2, sse3, ssse3, sse4.1, sse4.2, popcnt, ht, tsc, tscinvbit

Memory: 4k page, physical 3070824k(929252k free), swap 6139740k(1257852k free)

vm_info: Java HotSpot(TM) 64-Bit Server VM (24.71-b01) for windows-amd64 JRE (1.7.0_71-b14), built on Sep 26 2014 16:16:12 by "java_re" with unknown MS VC++:1600

time: Fri Nov 28 08:33:34 2014
elapsed time: 28735 seconds

